TN:
SF:src/BitmapNonce.sol
DA:12,0
FN:12,BitmapNonce.invalidateUnorderedNonces
FNDA:0,BitmapNonce.invalidateUnorderedNonces
DA:13,0
DA:15,0
DA:24,0
FN:24,BitmapNonce.bitmapPositions
FNDA:0,BitmapNonce.bitmapPositions
DA:25,0
DA:26,0
DA:31,0
FN:31,BitmapNonce._useUnorderedNonce
FNDA:0,BitmapNonce._useUnorderedNonce
DA:32,0
DA:33,0
DA:34,0
DA:36,0
BRDA:36,0,0,-
FNF:3
FNH:0
LF:11
LH:0
BRF:1
BRH:0
end_of_record
TN:
SF:src/ERC7821LIFI.sol
DA:22,0
FN:22,ERC7821LIFI._executionModeRevert
FNDA:0,ERC7821LIFI._executionModeRevert
DA:27,0
DA:34,267
FN:34,ERC7821LIFI._executionModeId
FNDA:267,ERC7821LIFI._executionModeId
DA:44,267
DA:45,267
DA:46,267
DA:47,267
DA:48,267
DA:49,267
DA:61,0
FN:61,ERC7821LIFI._execute.0
FNDA:0,ERC7821LIFI._execute.0
DA:67,0
DA:68,0
DA:71,0
BRDA:71,0,0,-
DA:73,0
DA:74,0
DA:77,0
BRDA:77,1,0,-
DA:78,0
DA:80,0
BRDA:80,2,0,-
DA:82,0
DA:88,531
FN:88,ERC7821LIFI._execute.1
FNDA:531,ERC7821LIFI._execute.1
DA:90,531
DA:91,531
DA:92,461
BRDA:92,4,0,-
DA:100,883
DA:94,893
DA:95,893
DA:97,893
DA:99,893
DA:107,893
FN:107,ERC7821LIFI._execute.2
FNDA:893,ERC7821LIFI._execute.2
DA:109,893
DA:110,893
DA:111,893
DA:112,893
BRDA:112,5,0,10
DA:113,10
DA:116,10
DA:117,10
DA:119,10
BRDA:119,6,0,10
DA:121,10
FNF:5
FNH:3
LF:34
LH:22
BRF:6
BRH:2
end_of_record
TN:
SF:src/ExecutorLIFI.sol
DA:20,0
FN:20,ExecutorLIFI.constructor
FNDA:0,ExecutorLIFI.constructor
DA:21,0
DA:24,0
FN:24,ExecutorLIFI._domainNameAndVersion
FNDA:0,ExecutorLIFI._domainNameAndVersion
DA:25,0
DA:26,0
DA:39,0
FN:39,ExecutorLIFI.typehash
FNDA:0,ExecutorLIFI.typehash
DA:40,0
DA:41,0
DA:42,0
DA:43,0
DA:44,0
DA:47,0
DA:48,0
DA:51,0
FN:51,ExecutorLIFI._validateOpData
FNDA:0,ExecutorLIFI._validateOpData
DA:52,0
DA:54,0
DA:56,0
DA:58,0
DA:62,0
FN:62,ExecutorLIFI.fallback
FNDA:0,ExecutorLIFI.fallback
DA:63,0
FNF:5
FNH:0
LF:20
LH:0
BRF:0
BRH:0
end_of_record
TN:
SF:test/mocks/MockERC7821.sol
DA:16,0
FN:16,MockERC7821._validateOpData
FNDA:0,MockERC7821._validateOpData
DA:17,0
DA:20,265
FN:20,MockERC7821._execute
FNDA:265,MockERC7821._execute
DA:25,265
DA:26,265
DA:29,263
FN:29,MockERC7821.execute
FNDA:263,MockERC7821.execute
DA:30,269
BRDA:30,0,0,2
DA:31,267
DA:34,266
FN:34,MockERC7821.executeDirect
FNDA:266,MockERC7821.executeDirect
DA:35,266
DA:36,266
DA:37,266
DA:38,257
DA:41,8
FN:41,MockERC7821.setAuthorizedCaller
FNDA:8,MockERC7821.setAuthorizedCaller
DA:42,8
FNF:5
FNH:4
LF:15
LH:13
BRF:1
BRH:1
end_of_record
